<?xml version="1.0" encoding="UTF-8"?>
<testsuite xmlns:xsi="http://www.w3.org/2001/XMLSchema-instance" xsi:noNamespaceSchemaLocation="https://maven.apache.org/surefire/maven-surefire-plugin/xsd/surefire-test-report-3.0.xsd" version="3.0" name="com.automation.framework.frontend.LoginTest" time="32.143" tests="1" errors="1" skipped="0" failures="0">
  <properties>
[...]
</properties>
  <testcase name="basicLoginTest" classname="com.automation.framework.frontend.LoginTest" time="32.124">
    <error message="Error {&#10;  message=&apos;Target page, context or browser has been closed&#10;  name=&apos;TargetClosedError&#10;  stack=&apos;TargetClosedError:Target page, context or browser has been closed&#10;Error&#10;    at captureRawStack (C:\Users\Bob\AppData\Local\Temp\playwright-java-14802358375360799019\package\lib\utils\stackTrace.js:49:17)&#10;    at LongStandingScope._race (C:\Users\Bob\AppData\Local\Temp\playwright-java-14802358375360799019\package\lib\utils\manualPromise.js:91:52)&#10;    at LongStandingScope.race (C:\Users\Bob\AppData\Local\Temp\playwright-java-14802358375360799019\package\lib\utils\manualPromise.js:84:17)&#10;    at FrameDispatcher._handleCommand (C:\Users\Bob\AppData\Local\Temp\playwright-java-14802358375360799019\package\lib\server\dispatchers\dispatcher.js:96:36)&#10;    at DispatcherConnection.dispatch (C:\Users\Bob\AppData\Local\Temp\playwright-java-14802358375360799019\package\lib\server\dispatchers\dispatcher.js:361:39)&#10;}&#10;Call log:&#10;- waiting for locator(&quot;#username&quot;)&#10;" type="com.microsoft.playwright.impl.TargetClosedError"><![CDATA[com.microsoft.playwright.impl.TargetClosedError: 
Error {
  message='Target page, context or browser has been closed
  name='TargetClosedError
  stack='TargetClosedError:Target page, context or browser has been closed
Error
    at captureRawStack (C:\Users\Bob\AppData\Local\Temp\playwright-java-14802358375360799019\package\lib\utils\stackTrace.js:49:17)
    at LongStandingScope._race (C:\Users\Bob\AppData\Local\Temp\playwright-java-14802358375360799019\package\lib\utils\manualPromise.js:91:52)
    at LongStandingScope.race (C:\Users\Bob\AppData\Local\Temp\playwright-java-14802358375360799019\package\lib\utils\manualPromise.js:84:17)
    at FrameDispatcher._handleCommand (C:\Users\Bob\AppData\Local\Temp\playwright-java-14802358375360799019\package\lib\server\dispatchers\dispatcher.js:96:36)
    at DispatcherConnection.dispatch (C:\Users\Bob\AppData\Local\Temp\playwright-java-14802358375360799019\package\lib\server\dispatchers\dispatcher.js:361:39)
}
Call log:
- waiting for locator("#username")

	at com.microsoft.playwright.impl.WaitableResult.get(WaitableResult.java:54)
	at com.microsoft.playwright.impl.ChannelOwner.runUntil(ChannelOwner.java:120)
	at com.microsoft.playwright.impl.Connection.sendMessage(Connection.java:130)
	at com.microsoft.playwright.impl.ChannelOwner.sendMessage(ChannelOwner.java:106)
	at com.microsoft.playwright.impl.FrameImpl.fillImpl(FrameImpl.java:335)
	at com.microsoft.playwright.impl.FrameImpl.lambda$fill$14(FrameImpl.java:325)
	at com.microsoft.playwright.impl.LoggingSupport.lambda$withLogging$0(LoggingSupport.java:36)
	at com.microsoft.playwright.impl.LoggingSupport.withLogging(LoggingSupport.java:47)
	at com.microsoft.playwright.impl.ChannelOwner.withLogging(ChannelOwner.java:89)
	at com.microsoft.playwright.impl.LoggingSupport.withLogging(LoggingSupport.java:35)
	at com.microsoft.playwright.impl.FrameImpl.fill(FrameImpl.java:325)
	at com.microsoft.playwright.impl.LocatorImpl.fill(LocatorImpl.java:235)
	at com.microsoft.playwright.Locator.fill(Locator.java:3054)
	at com.automation.framework.pages.LoginPage.login(LoginPage.java:24)
	at com.automation.framework.frontend.LoginTest.basicLoginTest(LoginTest.java:24)
	at java.base/java.lang.reflect.Method.invoke(Method.java:580)
	at java.base/java.util.concurrent.RecursiveAction.exec(RecursiveAction.java:194)
	at java.base/java.util.concurrent.ForkJoinTask.doExec(ForkJoinTask.java:387)
	at java.base/java.util.concurrent.ForkJoinPool$WorkQueue.tryRemoveAndExec(ForkJoinPool.java:1351)
	at java.base/java.util.concurrent.ForkJoinTask.awaitDone(ForkJoinTask.java:422)
	at java.base/java.util.concurrent.ForkJoinTask.join(ForkJoinTask.java:651)
	at java.base/java.util.concurrent.RecursiveAction.exec(RecursiveAction.java:194)
	at java.base/java.util.concurrent.ForkJoinTask.doExec(ForkJoinTask.java:387)
	at java.base/java.util.concurrent.ForkJoinPool$WorkQueue.topLevelExec(ForkJoinPool.java:1312)
	at java.base/java.util.concurrent.ForkJoinPool.scan(ForkJoinPool.java:1843)
	at java.base/java.util.concurrent.ForkJoinPool.runWorker(ForkJoinPool.java:1808)
	at java.base/java.util.concurrent.ForkJoinWorkerThread.run(ForkJoinWorkerThread.java:188)
Caused by: com.microsoft.playwright.impl.TargetClosedError: Error {
  message='Target page, context or browser has been closed
  name='TargetClosedError
  stack='TargetClosedError:Target page, context or browser has been closed
Error
    at captureRawStack (C:\Users\Bob\AppData\Local\Temp\playwright-java-14802358375360799019\package\lib\utils\stackTrace.js:49:17)
    at LongStandingScope._race (C:\Users\Bob\AppData\Local\Temp\playwright-java-14802358375360799019\package\lib\utils\manualPromise.js:91:52)
    at LongStandingScope.race (C:\Users\Bob\AppData\Local\Temp\playwright-java-14802358375360799019\package\lib\utils\manualPromise.js:84:17)
    at FrameDispatcher._handleCommand (C:\Users\Bob\AppData\Local\Temp\playwright-java-14802358375360799019\package\lib\server\dispatchers\dispatcher.js:96:36)
    at DispatcherConnection.dispatch (C:\Users\Bob\AppData\Local\Temp\playwright-java-14802358375360799019\package\lib\server\dispatchers\dispatcher.js:361:39)
}
Call log:
- waiting for locator("#username")

	at com.microsoft.playwright.impl.Connection.dispatch(Connection.java:256)
	at com.microsoft.playwright.impl.Connection.processOneMessage(Connection.java:211)
	at com.microsoft.playwright.impl.ChannelOwner.runUntil(ChannelOwner.java:118)
	... 25 more
]]></error>
  </testcase>
</testsuite>